<?xml version="1.0" encoding="UTF-8"?>
<!-- Generated by org.testng.reporters.JUnitReportReporter -->
<testsuite skipped="0" hostname="SuneelReddy-PC" name="validatingF1ReponseData.TestClassForValidatingTestData" tests="3" failures="0" timestamp="16 Apr 2018 22:45:48 GMT" time="3.264" errors="0">
  <testcase name="validateByPassingAsParameter" time="0.345" classname="validatingF1ReponseData.TestClassForValidatingTestData"/>
  <testcase name="test_NumberOfCircuitsFor2017Season_ShouldBe20" time="2.617" classname="validatingF1ReponseData.TestClassForValidatingTestData"/>
  <testcase name="validateStatusCode" time="0.302" classname="validatingF1ReponseData.TestClassForValidatingTestData"/>
</testsuite> <!-- validatingF1ReponseData.TestClassForValidatingTestData -->
